<?xml version="1.0" encoding="UTF-8"?>
<testng-results ignored="0" total="20" passed="20" failed="0" skipped="0">
  <reporter-output>
  </reporter-output>
  <suite started-at="2024-02-16T13:41:03 EST" name="USER API TEST CASES" finished-at="2024-02-16T13:41:16 EST" duration-ms="13132">
    <groups>
      <group name="smoke">
        <method signature="Test01.getRequest()[pri:1, instance:com.userapi.tests.Test01@576d5deb]" name="getRequest" class="com.userapi.tests.Test01"/>
        <method signature="Test01.postCreateUser()[pri:2, instance:com.userapi.tests.Test01@576d5deb]" name="postCreateUser" class="com.userapi.tests.Test01"/>
        <method signature="Test01.testWithJsonData(java.lang.Object)[pri:3, instance:com.userapi.tests.Test01@576d5deb]" name="testWithJsonData" class="com.userapi.tests.Test01"/>
        <method signature="Test01.positivetestWithJsonData(java.lang.Object)[pri:4, instance:com.userapi.tests.Test01@576d5deb]" name="positivetestWithJsonData" class="com.userapi.tests.Test01"/>
        <method signature="Test01.putTestWithJsonData(java.lang.Object)[pri:5, instance:com.userapi.tests.Test01@576d5deb]" name="putTestWithJsonData" class="com.userapi.tests.Test01"/>
        <method signature="Test01.deleteuser()[pri:6, instance:com.userapi.tests.Test01@576d5deb]" name="deleteuser" class="com.userapi.tests.Test01"/>
      </group> <!-- smoke -->
      <group name="create">
        <method signature="Test01.postCreateUser()[pri:2, instance:com.userapi.tests.Test01@576d5deb]" name="postCreateUser" class="com.userapi.tests.Test01"/>
      </group> <!-- create -->
      <group name="users">
        <method signature="Test01.getRequest()[pri:1, instance:com.userapi.tests.Test01@576d5deb]" name="getRequest" class="com.userapi.tests.Test01"/>
      </group> <!-- users -->
    </groups>
    <test started-at="2024-02-16T13:41:03 EST" name="Test" finished-at="2024-02-16T13:41:16 EST" duration-ms="13132">
      <class name="com.userapi.tests.Test01">
        <test-method signature="getRequest()[pri:1, instance:com.userapi.tests.Test01@576d5deb]" started-at="2024-02-16T13:41:03 EST" name="getRequest" finished-at="2024-02-16T13:41:09 EST" duration-ms="5496" status="PASS">
          <reporter-output>
          </reporter-output>
        </test-method> <!-- getRequest -->
        <test-method signature="postCreateUser()[pri:2, instance:com.userapi.tests.Test01@576d5deb]" started-at="2024-02-16T13:41:09 EST" name="postCreateUser" finished-at="2024-02-16T13:41:09 EST" duration-ms="353" status="PASS">
          <reporter-output>
          </reporter-output>
        </test-method> <!-- postCreateUser -->
        <test-method signature="testWithJsonData(java.lang.Object)[pri:3, instance:com.userapi.tests.Test01@576d5deb]" started-at="2024-02-16T13:41:09 EST" name="testWithJsonData" data-provider="jsonDataProvider" finished-at="2024-02-16T13:41:10 EST" duration-ms="305" status="PASS">
          <params>
            <param index="0">
              <value>
                <![CDATA[{"userAddress":{"country":"country","zipCode":23769,"street":"street","plotNumber":"plotNumber-001","state":"state","addressId":377},"user_first_name":"","user_email_id":"srm@example.com","user_id":677,"user_last_name":"Menon","user_contact_number":3333444488}]]>
              </value>
            </param>
          </params>
          <reporter-output>
          </reporter-output>
        </test-method> <!-- testWithJsonData -->
        <test-method signature="testWithJsonData(java.lang.Object)[pri:3, instance:com.userapi.tests.Test01@576d5deb]" started-at="2024-02-16T13:41:10 EST" name="testWithJsonData" data-provider="jsonDataProvider" finished-at="2024-02-16T13:41:10 EST" duration-ms="489" status="PASS">
          <params>
            <param index="0">
              <value>
                <![CDATA[{"userAddress":{"country":"country","zipCode":23769,"street":"street","plotNumber":"plotNumber-001","state":"state","addressId":377},"user_first_name":"Shrija","user_email_id":"srm@example.com","user_id":677,"user_last_name":"","user_contact_number":3333444488}]]>
              </value>
            </param>
          </params>
          <reporter-output>
          </reporter-output>
        </test-method> <!-- testWithJsonData -->
        <test-method signature="testWithJsonData(java.lang.Object)[pri:3, instance:com.userapi.tests.Test01@576d5deb]" started-at="2024-02-16T13:41:10 EST" name="testWithJsonData" data-provider="jsonDataProvider" finished-at="2024-02-16T13:41:11 EST" duration-ms="309" status="PASS">
          <params>
            <param index="0">
              <value>
                <![CDATA[{"userAddress":{"country":"country","zipCode":23769,"street":"street","plotNumber":"plotNumber-001","state":"state","addressId":377},"user_first_name":"Shrija","user_email_id":"srm@example.com","user_id":677,"user_last_name":"Menon","user_contact_number":"gyoewgfij3hfi"}]]>
              </value>
            </param>
          </params>
          <reporter-output>
          </reporter-output>
        </test-method> <!-- testWithJsonData -->
        <test-method signature="testWithJsonData(java.lang.Object)[pri:3, instance:com.userapi.tests.Test01@576d5deb]" started-at="2024-02-16T13:41:11 EST" name="testWithJsonData" data-provider="jsonDataProvider" finished-at="2024-02-16T13:41:11 EST" duration-ms="293" status="PASS">
          <params>
            <param index="0">
              <value>
                <![CDATA[{"userAddress":{"country":"country","zipCode":"$#%^%^&","street":"street","plotNumber":"plotNumber-001","state":"state","addressId":377},"user_first_name":"Shrija","user_email_id":"srm@example.com","user_id":677,"user_last_name":"Menon","user_contact_number":3333444488}]]>
              </value>
            </param>
          </params>
          <reporter-output>
          </reporter-output>
        </test-method> <!-- testWithJsonData -->
        <test-method signature="testWithJsonData(java.lang.Object)[pri:3, instance:com.userapi.tests.Test01@576d5deb]" started-at="2024-02-16T13:41:11 EST" name="testWithJsonData" data-provider="jsonDataProvider" finished-at="2024-02-16T13:41:11 EST" duration-ms="343" status="PASS">
          <params>
            <param index="0">
              <value>
                <![CDATA[{"userAddress":{"country":"country","zipCode":23769,"street":"","plotNumber":"plotNumber-001","state":"state","addressId":377},"user_first_name":"Shrija","user_email_id":"srm@example.com","user_id":677,"user_last_name":"Menon","user_contact_number":3333444488}]]>
              </value>
            </param>
          </params>
          <reporter-output>
          </reporter-output>
        </test-method> <!-- testWithJsonData -->
        <test-method signature="testWithJsonData(java.lang.Object)[pri:3, instance:com.userapi.tests.Test01@576d5deb]" started-at="2024-02-16T13:41:11 EST" name="testWithJsonData" data-provider="jsonDataProvider" finished-at="2024-02-16T13:41:12 EST" duration-ms="336" status="PASS">
          <params>
            <param index="0">
              <value>
                <![CDATA[{"userAddress":{"country":"country","zipCode":23769,"street":"street","plotNumber":"plotNumber-001","state":"","addressId":377},"user_first_name":"Shrija","user_email_id":"srm@example.com","user_id":677,"user_last_name":"Menon","user_contact_number":3333444488}]]>
              </value>
            </param>
          </params>
          <reporter-output>
          </reporter-output>
        </test-method> <!-- testWithJsonData -->
        <test-method signature="testWithJsonData(java.lang.Object)[pri:3, instance:com.userapi.tests.Test01@576d5deb]" started-at="2024-02-16T13:41:12 EST" name="testWithJsonData" data-provider="jsonDataProvider" finished-at="2024-02-16T13:41:12 EST" duration-ms="283" status="PASS">
          <params>
            <param index="0">
              <value>
                <![CDATA[{"userAddress":{"country":"","zipCode":23769,"street":"street","plotNumber":"plotNumber-001","state":"state","addressId":377},"user_first_name":"Shrija","user_email_id":"srm@example.com","user_id":677,"user_last_name":"Menon","user_contact_number":3333444488}]]>
              </value>
            </param>
          </params>
          <reporter-output>
          </reporter-output>
        </test-method> <!-- testWithJsonData -->
        <test-method signature="testWithJsonData(java.lang.Object)[pri:3, instance:com.userapi.tests.Test01@576d5deb]" started-at="2024-02-16T13:41:12 EST" name="testWithJsonData" data-provider="jsonDataProvider" finished-at="2024-02-16T13:41:12 EST" duration-ms="321" status="PASS">
          <params>
            <param index="0">
              <value>
                <![CDATA[{"userAddress":{"country":"country","zipCode":23769,"street":"street","plotNumber":"plotNumber-001","state":"state","addressId":377},"user_first_name":"Shrija","user_email_id":"","user_id":677,"user_last_name":"Menon","user_contact_number":3333444488}]]>
              </value>
            </param>
          </params>
          <reporter-output>
          </reporter-output>
        </test-method> <!-- testWithJsonData -->
        <test-method signature="testWithJsonData(java.lang.Object)[pri:3, instance:com.userapi.tests.Test01@576d5deb]" started-at="2024-02-16T13:41:12 EST" name="testWithJsonData" data-provider="jsonDataProvider" finished-at="2024-02-16T13:41:12 EST" duration-ms="325" status="PASS">
          <params>
            <param index="0">
              <value>
                <![CDATA[{"userAddress":{"country":"country","zipCode":23769,"street":"street","plotNumber":"plotNumber-001","state":"state","addressId":377},"user_first_name":"Shrija","user_email_id":"srm@example.com","user_id":677,"user_last_name":"Menon","user_contact_number":""}]]>
              </value>
            </param>
          </params>
          <reporter-output>
          </reporter-output>
        </test-method> <!-- testWithJsonData -->
        <test-method signature="positivetestWithJsonData(java.lang.Object)[pri:4, instance:com.userapi.tests.Test01@576d5deb]" started-at="2024-02-16T13:41:12 EST" name="positivetestWithJsonData" data-provider="jsonDataProvider1" finished-at="2024-02-16T13:41:13 EST" duration-ms="322" status="PASS">
          <params>
            <param index="0">
              <value>
                <![CDATA[{"userAddress":{"country":"country","zipCode":23769,"street":"street","plotNumber":"plotNumber-001","state":"state","addressId":377},"user_first_name":"Shrija","user_email_id":"srm@example.com","user_id":677,"user_last_name":"Menon","user_contact_number":3333444488}]]>
              </value>
            </param>
          </params>
          <reporter-output>
          </reporter-output>
        </test-method> <!-- positivetestWithJsonData -->
        <test-method signature="positivetestWithJsonData(java.lang.Object)[pri:4, instance:com.userapi.tests.Test01@576d5deb]" started-at="2024-02-16T13:41:13 EST" name="positivetestWithJsonData" data-provider="jsonDataProvider1" finished-at="2024-02-16T13:41:13 EST" duration-ms="360" status="PASS">
          <params>
            <param index="0">
              <value>
                <![CDATA[{"userAddress":{"country":"US","zipCode":12345,"street":"Bergen Ave","plotNumber":"Plot-177","state":"NJ","addressId":110},"user_first_name":"Abhi","user_email_id":"successapi456@example.com","user_id":11,"user_last_name":"Testers","user_contact_number":1122334457}]]>
              </value>
            </param>
          </params>
          <reporter-output>
          </reporter-output>
        </test-method> <!-- positivetestWithJsonData -->
        <test-method signature="positivetestWithJsonData(java.lang.Object)[pri:4, instance:com.userapi.tests.Test01@576d5deb]" started-at="2024-02-16T13:41:13 EST" name="positivetestWithJsonData" data-provider="jsonDataProvider1" finished-at="2024-02-16T13:41:14 EST" duration-ms="393" status="PASS">
          <params>
            <param index="0">
              <value>
                <![CDATA[{"userAddress":{"country":"US","zipCode":12345,"street":"Bergen Ave","plotNumber":"Plot-189","state":"NJ","addressId":12},"user_first_name":"Anaishu","user_email_id":"successapi789@example.com","user_id":12,"user_last_name":"Testers","user_contact_number":3344556679}]]>
              </value>
            </param>
          </params>
          <reporter-output>
          </reporter-output>
        </test-method> <!-- positivetestWithJsonData -->
        <test-method signature="putTestWithJsonData(java.lang.Object)[pri:5, instance:com.userapi.tests.Test01@576d5deb]" started-at="2024-02-16T13:41:14 EST" name="putTestWithJsonData" data-provider="jsonDataProvider2" finished-at="2024-02-16T13:41:14 EST" duration-ms="320" status="PASS">
          <params>
            <param index="0">
              <value>
                <![CDATA[{"userAddress":{"country":"US","zipCode":12345,"street":"Bergen Ave","plotNumber":"Plot-134","state":"NJ","addressId":10},"user_first_name":"Shreeja","user_email_id":"successapi123@example.com","user_id":10,"user_last_name":"Testers","user_contact_number":1235468790}]]>
              </value>
            </param>
          </params>
          <reporter-output>
          </reporter-output>
        </test-method> <!-- putTestWithJsonData -->
        <test-method signature="putTestWithJsonData(java.lang.Object)[pri:5, instance:com.userapi.tests.Test01@576d5deb]" started-at="2024-02-16T13:41:14 EST" name="putTestWithJsonData" data-provider="jsonDataProvider2" finished-at="2024-02-16T13:41:14 EST" duration-ms="315" status="PASS">
          <params>
            <param index="0">
              <value>
                <![CDATA[{"userAddress":{"country":"US","zipCode":12345,"street":"Bergen Ave","plotNumber":"Plot-134","state":"NJ","addressId":10},"user_first_name":67346,"user_email_id":"successapi123@example.com","user_id":10,"user_last_name":"Testers","user_contact_number":2223334449}]]>
              </value>
            </param>
          </params>
          <reporter-output>
          </reporter-output>
        </test-method> <!-- putTestWithJsonData -->
        <test-method signature="putTestWithJsonData(java.lang.Object)[pri:5, instance:com.userapi.tests.Test01@576d5deb]" started-at="2024-02-16T13:41:14 EST" name="putTestWithJsonData" data-provider="jsonDataProvider2" finished-at="2024-02-16T13:41:15 EST" duration-ms="308" status="PASS">
          <params>
            <param index="0">
              <value>
                <![CDATA[{"userAddress":{"country":"US","zipCode":12345,"street":"Bergen Ave","plotNumber":"Plot-134","state":"NJ","addressId":10},"user_first_name":"Shreeja","user_email_id":"successapi123@example.com","user_id":10,"user_last_name":"646434","user_contact_number":2223334449}]]>
              </value>
            </param>
          </params>
          <reporter-output>
          </reporter-output>
        </test-method> <!-- putTestWithJsonData -->
        <test-method signature="putTestWithJsonData(java.lang.Object)[pri:5, instance:com.userapi.tests.Test01@576d5deb]" started-at="2024-02-16T13:41:15 EST" name="putTestWithJsonData" data-provider="jsonDataProvider2" finished-at="2024-02-16T13:41:15 EST" duration-ms="327" status="PASS">
          <params>
            <param index="0">
              <value>
                <![CDATA[{"userAddress":{"country":"US","zipCode":12345,"street":"Bergen Ave","plotNumber":"Plota3","state":"NJ","addressId":10},"user_first_name":"Shreeja","user_email_id":"successapi123@example.com","user_id":10,"user_last_name":"Testers","user_contact_number":2223334449}]]>
              </value>
            </param>
          </params>
          <reporter-output>
          </reporter-output>
        </test-method> <!-- putTestWithJsonData -->
        <test-method signature="putTestWithJsonData(java.lang.Object)[pri:5, instance:com.userapi.tests.Test01@576d5deb]" started-at="2024-02-16T13:41:15 EST" name="putTestWithJsonData" data-provider="jsonDataProvider2" finished-at="2024-02-16T13:41:15 EST" duration-ms="303" status="PASS">
          <params>
            <param index="0">
              <value>
                <![CDATA[{"userAddress":{"country":"US","zipCode":12345,"street":"Bergen Ave","plotNumber":"Plot-134","state":"NJ","addressId":10},"user_first_name":"Shreeja","user_email_id":344574657,"user_id":10,"user_last_name":"Testers","user_contact_number":2223334449}]]>
              </value>
            </param>
          </params>
          <reporter-output>
          </reporter-output>
        </test-method> <!-- putTestWithJsonData -->
        <test-method signature="deleteuser()[pri:6, instance:com.userapi.tests.Test01@576d5deb]" started-at="2024-02-16T13:41:15 EST" name="deleteuser" finished-at="2024-02-16T13:41:16 EST" duration-ms="1240" status="PASS">
          <reporter-output>
          </reporter-output>
        </test-method> <!-- deleteuser -->
      </class> <!-- com.userapi.tests.Test01 -->
    </test> <!-- Test -->
  </suite> <!-- USER API TEST CASES -->
</testng-results>
